Performing C++ SOURCE FILE Test CMAKE_HAVE_LIBC_PTHREAD failed with the following output:
Change Dir: /home/max/Dokumente/master_thesis_kremmel/master_thesis_ros/catkin_ws/build/kiss_icp/CMakeFiles/CMakeTmp

Run Build Command(s):/usr/bin/make cmTC_2e138/fast && /usr/bin/make -f CMakeFiles/cmTC_2e138.dir/build.make CMakeFiles/cmTC_2e138.dir/build
make[1]: Verzeichnis „/home/max/Dokumente/master_thesis_kremmel/master_thesis_ros/catkin_ws/build/kiss_icp/CMakeFiles/CMakeTmp“ wird betreten
Building CXX object CMakeFiles/cmTC_2e138.dir/src.cxx.o
/usr/bin/c++    -DCMAKE_HAVE_LIBC_PTHREAD   -o CMakeFiles/cmTC_2e138.dir/src.cxx.o -c /home/max/Dokumente/master_thesis_kremmel/master_thesis_ros/catkin_ws/build/kiss_icp/CMakeFiles/CMakeTmp/src.cxx
Linking CXX executable cmTC_2e138
/usr/bin/cmake -E cmake_link_script CMakeFiles/cmTC_2e138.dir/link.txt --verbose=1
/usr/bin/c++   -DCMAKE_HAVE_LIBC_PTHREAD    CMakeFiles/cmTC_2e138.dir/src.cxx.o  -o cmTC_2e138 
/usr/bin/ld: CMakeFiles/cmTC_2e138.dir/src.cxx.o: in function `main':
src.cxx:(.text+0x46): undefined reference to `pthread_create'
/usr/bin/ld: src.cxx:(.text+0x52): undefined reference to `pthread_detach'
/usr/bin/ld: src.cxx:(.text+0x63): undefined reference to `pthread_join'
collect2: error: ld returned 1 exit status
make[1]: *** [CMakeFiles/cmTC_2e138.dir/build.make:87: cmTC_2e138] Fehler 1
make[1]: Verzeichnis „/home/max/Dokumente/master_thesis_kremmel/master_thesis_ros/catkin_ws/build/kiss_icp/CMakeFiles/CMakeTmp“ wird verlassen
make: *** [Makefile:121: cmTC_2e138/fast] Fehler 2


Source file was:
#include <pthread.h>

void* test_func(void* data)
{
  return data;
}

int main(void)
{
  pthread_t thread;
  pthread_create(&thread, NULL, test_func, NULL);
  pthread_detach(thread);
  pthread_join(thread, NULL);
  pthread_atfork(NULL, NULL, NULL);
  pthread_exit(NULL);

  return 0;
}

Determining if the function pthread_create exists in the pthreads failed with the following output:
Change Dir: /home/max/Dokumente/master_thesis_kremmel/master_thesis_ros/catkin_ws/build/kiss_icp/CMakeFiles/CMakeTmp

Run Build Command(s):/usr/bin/make cmTC_aae94/fast && /usr/bin/make -f CMakeFiles/cmTC_aae94.dir/build.make CMakeFiles/cmTC_aae94.dir/build
make[1]: Verzeichnis „/home/max/Dokumente/master_thesis_kremmel/master_thesis_ros/catkin_ws/build/kiss_icp/CMakeFiles/CMakeTmp“ wird betreten
Building CXX object CMakeFiles/cmTC_aae94.dir/CheckFunctionExists.cxx.o
/usr/bin/c++    -DCHECK_FUNCTION_EXISTS=pthread_create   -o CMakeFiles/cmTC_aae94.dir/CheckFunctionExists.cxx.o -c /home/max/Dokumente/master_thesis_kremmel/master_thesis_ros/catkin_ws/build/kiss_icp/CMakeFiles/CheckLibraryExists/CheckFunctionExists.cxx
Linking CXX executable cmTC_aae94
/usr/bin/cmake -E cmake_link_script CMakeFiles/cmTC_aae94.dir/link.txt --verbose=1
/usr/bin/c++   -DCHECK_FUNCTION_EXISTS=pthread_create    CMakeFiles/cmTC_aae94.dir/CheckFunctionExists.cxx.o  -o cmTC_aae94  -lpthreads 
/usr/bin/ld: -lpthreads kann nicht gefunden werden
collect2: error: ld returned 1 exit status
make[1]: *** [CMakeFiles/cmTC_aae94.dir/build.make:87: cmTC_aae94] Fehler 1
make[1]: Verzeichnis „/home/max/Dokumente/master_thesis_kremmel/master_thesis_ros/catkin_ws/build/kiss_icp/CMakeFiles/CMakeTmp“ wird verlassen
make: *** [Makefile:121: cmTC_aae94/fast] Fehler 2



