Not searching for unused variables given on the command line.
-- Using CATKIN_DEVEL_PREFIX: /home/max/master_thesis_kremmel/master_thesis_ros/catkin_ws/devel/.private/turtlebot3_vlp16_description
-- Using CMAKE_PREFIX_PATH: /home/max/master_thesis_kremmel/master_thesis_ros/catkin_ws/devel;/opt/ros/noetic
-- This workspace overlays: /home/max/master_thesis_kremmel/master_thesis_ros/catkin_ws/devel;/opt/ros/noetic
-- Found PythonInterp: /usr/bin/python3 (found suitable version "3.8.10", minimum required is "3")
-- Using PYTHON_EXECUTABLE: /usr/bin/python3
-- Using Debian Python package layout
-- Using empy: /usr/lib/python3/dist-packages/em.py
-- Using CATKIN_ENABLE_TESTING: ON
-- Call enable_testing()
-- Using CATKIN_TEST_RESULTS_DIR: /home/max/master_thesis_kremmel/master_thesis_ros/catkin_ws/build/turtlebot3_vlp16_description/test_results
-- Forcing gtest/gmock from source, though one was otherwise available.
-- Found gtest sources under '/usr/src/googletest': gtests will be built
-- Found gmock sources under '/usr/src/googletest': gmock will be built
-- Found PythonInterp: /usr/bin/python3 (found version "3.8.10")
-- Using Python nosetests: /usr/bin/nosetests3
-- catkin 0.8.10
-- BUILD_SHARED_LIBS is on
-- Configuring done
-- Generating done
-- Build files have been written to: /home/max/master_thesis_kremmel/master_thesis_ros/catkin_ws/build/turtlebot3_vlp16_description
