[  0%] Built target sensor_msgs_generate_messages_py
[  0%] Built target std_msgs_generate_messages_lisp
[  0%] Built target std_msgs_generate_messages_py
[  0%] Built target sensor_msgs_generate_messages_nodejs
[  0%] Built target std_msgs_generate_messages_nodejs
[ 11%] Built target Evaluator
[ 16%] Built target sensor_msgs_generate_messages_lisp
[ 16%] Built target sensor_msgs_generate_messages_cpp
[ 22%] Built target LandmarkProcessor
[ 22%] Built target std_msgs_generate_messages_cpp
[ 22%] Built target std_msgs_generate_messages_eus
[ 33%] Built target EKFSlam
[ 33%] Built target sensor_msgs_generate_messages_eus
[ 33%] Built target _master_thesis_kremmel_generate_messages_check_deps_Landmark
[ 33%] Built target _master_thesis_kremmel_generate_messages_check_deps_MoveRobot
[ 55%] Built target master_thesis_kremmel_generate_messages_py
[ 66%] Built target master_thesis_kremmel_generate_messages_eus
[ 88%] Built target master_thesis_kremmel_generate_messages_lisp
[ 88%] Built target master_thesis_kremmel_generate_messages_cpp
[100%] Built target master_thesis_kremmel_generate_messages_nodejs
[100%] Built target master_thesis_kremmel_generate_messages
