[35m[1mScanning dependencies of target EKFSlam[0m
[  0%] Built target std_msgs_generate_messages_nodejs
[  0%] Built target std_msgs_generate_messages_py
[  0%] Built target sensor_msgs_generate_messages_py
[  9%] Built target LandmarkProcessor
[ 18%] Built target Evaluator
[ 18%] Built target std_msgs_generate_messages_lisp
[ 18%] Built target sensor_msgs_generate_messages_nodejs
[ 18%] Built target sensor_msgs_generate_messages_lisp
[ 27%] Built target TransformLaserScan
[ 27%] Built target _master_thesis_kremmel_generate_messages_check_deps_MoveRobot
[ 27%] Built target std_msgs_generate_messages_eus
[ 27%] Built target sensor_msgs_generate_messages_cpp
[ 31%] [32mBuilding CXX object CMakeFiles/EKFSlam.dir/src/ekfSlam.cpp.o[0m
[ 31%] Built target _master_thesis_kremmel_generate_messages_check_deps_Landmark
[ 31%] Built target sensor_msgs_generate_messages_eus
[ 31%] Built target std_msgs_generate_messages_cpp
[ 40%] Built target CmdVelSmoother
[ 54%] Built target master_thesis_kremmel_generate_messages_py
[ 63%] Built target master_thesis_kremmel_generate_messages_lisp
[ 77%] Built target master_thesis_kremmel_generate_messages_eus
[ 86%] Built target master_thesis_kremmel_generate_messages_nodejs
[ 95%] Built target master_thesis_kremmel_generate_messages_cpp
[ 95%] Built target master_thesis_kremmel_generate_messages
[100%] [32m[1mLinking CXX executable /home/max/master_thesis_kremmel/master_thesis_ros/catkin_ws/devel/.private/master_thesis_kremmel/lib/master_thesis_kremmel/EKFSlam[0m
[100%] Built target EKFSlam
