[01m[K/home/max/master_thesis_kremmel/master_thesis_ros/catkin_ws/src/master_thesis_kremmel/src/ekfSlam.cpp:[m[K In member function ‘[01m[KEigen::Vector2d EKFSlam::searchLMmatches(pcl::PointCloud<pcl::PointXYZ>::Ptr, pcl::PointCloud<pcl::PointXYZ>::Ptr, int)[m[K’:
[01m[K/home/max/master_thesis_kremmel/master_thesis_ros/catkin_ws/src/master_thesis_kremmel/src/ekfSlam.cpp:343:40:[m[K [01;31m[Kerror: [m[Kno match for ‘[01m[Koperator=[m[K’ (operand types are ‘[01m[KEigen::Transform<float, 3, 2>::MatrixType[m[K’ {aka ‘[01m[KEigen::Matrix<float, 4, 4>[m[K’} and ‘[01m[Kgeometry_msgs::TransformStamped[m[K’ {aka ‘[01m[Kgeometry_msgs::TransformStamped_<std::allocator<void> >[m[K’})
  343 |             affineTransform.matrix() = [01;31m[KtransformToVelodyne[m[K;
      |                                        [01;31m[K^~~~~~~~~~~~~~~~~~~[m[K
In file included from [01m[K/usr/include/eigen3/Eigen/Core:458[m[K,
                 from [01m[K/usr/include/eigen3/Eigen/Geometry:11[m[K,
                 from [01m[K/opt/ros/noetic/include/tf2_eigen/tf2_eigen.h:33[m[K,
                 from [01m[K/home/max/master_thesis_kremmel/master_thesis_ros/catkin_ws/src/master_thesis_kremmel/src/ekfSlam.cpp:8[m[K:
[01m[K/usr/include/eigen3/Eigen/src/Core/Matrix.h:206:33:[m[K [01;36m[Knote: [m[Kcandidate: ‘[01m[KEigen::Matrix<_Scalar, _Rows, _Cols, _Options, _MaxRows, _MaxCols>& Eigen::Matrix<_Scalar, _Rows, _Cols, _Options, _MaxRows, _MaxCols>::operator=(const Eigen::Matrix<_Scalar, _Rows, _Cols, _Options, _MaxRows, _MaxCols>&) [with _Scalar = float; int _Rows = 4; int _Cols = 4; int _Options = 0; int _MaxRows = 4; int _MaxCols = 4][m[K’
  206 |     EIGEN_STRONG_INLINE Matrix& [01;36m[Koperator[m[K=(const Matrix& other)
      |                                 [01;36m[K^~~~~~~~[m[K
[01m[K/usr/include/eigen3/Eigen/src/Core/Matrix.h:206:57:[m[K [01;36m[Knote: [m[K  no known conversion for argument 1 from ‘[01m[Kgeometry_msgs::TransformStamped[m[K’ {aka ‘[01m[Kgeometry_msgs::TransformStamped_<std::allocator<void> >[m[K’} to ‘[01m[Kconst Eigen::Matrix<float, 4, 4>&[m[K’
  206 |     EIGEN_STRONG_INLINE Matrix& operator=([01;36m[Kconst Matrix& other[m[K)
      |                                           [01;36m[K~~~~~~~~~~~~~~^~~~~[m[K
[01m[K/usr/include/eigen3/Eigen/src/Core/Matrix.h:223:33:[m[K [01;36m[Knote: [m[Kcandidate: ‘[01m[Ktemplate<class OtherDerived> Eigen::Matrix<_Scalar, _Rows, _Cols, _Options, _MaxRows, _MaxCols>& Eigen::Matrix<_Scalar, _Rows, _Cols, _Options, _MaxRows, _MaxCols>::operator=(const Eigen::DenseBase<OtherDerived>&) [with OtherDerived = OtherDerived; _Scalar = float; int _Rows = 4; int _Cols = 4; int _Options = 0; int _MaxRows = 4; int _MaxCols = 4][m[K’
  223 |     EIGEN_STRONG_INLINE Matrix& [01;36m[Koperator[m[K=(const DenseBase<OtherDerived>& other)
      |                                 [01;36m[K^~~~~~~~[m[K
[01m[K/usr/include/eigen3/Eigen/src/Core/Matrix.h:223:33:[m[K [01;36m[Knote: [m[K  template argument deduction/substitution failed:
[01m[K/home/max/master_thesis_kremmel/master_thesis_ros/catkin_ws/src/master_thesis_kremmel/src/ekfSlam.cpp:343:40:[m[K [01;36m[Knote: [m[K  ‘[01m[Kgeometry_msgs::TransformStamped[m[K’ {aka ‘[01m[Kgeometry_msgs::TransformStamped_<std::allocator<void> >[m[K’} is not derived from ‘[01m[Kconst Eigen::DenseBase<Derived>[m[K’
  343 |             affineTransform.matrix() = [01;36m[KtransformToVelodyne[m[K;
      |                                        [01;36m[K^~~~~~~~~~~~~~~~~~~[m[K
In file included from [01m[K/usr/include/eigen3/Eigen/Core:458[m[K,
                 from [01m[K/usr/include/eigen3/Eigen/Geometry:11[m[K,
                 from [01m[K/opt/ros/noetic/include/tf2_eigen/tf2_eigen.h:33[m[K,
                 from [01m[K/home/max/master_thesis_kremmel/master_thesis_ros/catkin_ws/src/master_thesis_kremmel/src/ekfSlam.cpp:8[m[K:
[01m[K/usr/include/eigen3/Eigen/src/Core/Matrix.h:236:33:[m[K [01;36m[Knote: [m[Kcandidate: ‘[01m[Ktemplate<class OtherDerived> Eigen::Matrix<_Scalar, _Rows, _Cols, _Options, _MaxRows, _MaxCols>& Eigen::Matrix<_Scalar, _Rows, _Cols, _Options, _MaxRows, _MaxCols>::operator=(const Eigen::EigenBase<OtherDerived>&) [with OtherDerived = OtherDerived; _Scalar = float; int _Rows = 4; int _Cols = 4; int _Options = 0; int _MaxRows = 4; int _MaxCols = 4][m[K’
  236 |     EIGEN_STRONG_INLINE Matrix& [01;36m[Koperator[m[K=(const EigenBase<OtherDerived> &other)
      |                                 [01;36m[K^~~~~~~~[m[K
[01m[K/usr/include/eigen3/Eigen/src/Core/Matrix.h:236:33:[m[K [01;36m[Knote: [m[K  template argument deduction/substitution failed:
[01m[K/home/max/master_thesis_kremmel/master_thesis_ros/catkin_ws/src/master_thesis_kremmel/src/ekfSlam.cpp:343:40:[m[K [01;36m[Knote: [m[K  ‘[01m[Kgeometry_msgs::TransformStamped[m[K’ {aka ‘[01m[Kgeometry_msgs::TransformStamped_<std::allocator<void> >[m[K’} is not derived from ‘[01m[Kconst Eigen::EigenBase<Derived>[m[K’
  343 |             affineTransform.matrix() = [01;36m[KtransformToVelodyne[m[K;
      |                                        [01;36m[K^~~~~~~~~~~~~~~~~~~[m[K
In file included from [01m[K/usr/include/eigen3/Eigen/Core:458[m[K,
                 from [01m[K/usr/include/eigen3/Eigen/Geometry:11[m[K,
                 from [01m[K/opt/ros/noetic/include/tf2_eigen/tf2_eigen.h:33[m[K,
                 from [01m[K/home/max/master_thesis_kremmel/master_thesis_ros/catkin_ws/src/master_thesis_kremmel/src/ekfSlam.cpp:8[m[K:
[01m[K/usr/include/eigen3/Eigen/src/Core/Matrix.h:243:33:[m[K [01;36m[Knote: [m[Kcandidate: ‘[01m[Ktemplate<class OtherDerived> Eigen::Matrix<_Scalar, _Rows, _Cols, _Options, _MaxRows, _MaxCols>& Eigen::Matrix<_Scalar, _Rows, _Cols, _Options, _MaxRows, _MaxCols>::operator=(const Eigen::ReturnByValue<OtherDerived>&) [with OtherDerived = OtherDerived; _Scalar = float; int _Rows = 4; int _Cols = 4; int _Options = 0; int _MaxRows = 4; int _MaxCols = 4][m[K’
  243 |     EIGEN_STRONG_INLINE Matrix& [01;36m[Koperator[m[K=(const ReturnByValue<OtherDerived>& func)
      |                                 [01;36m[K^~~~~~~~[m[K
[01m[K/usr/include/eigen3/Eigen/src/Core/Matrix.h:243:33:[m[K [01;36m[Knote: [m[K  template argument deduction/substitution failed:
[01m[K/home/max/master_thesis_kremmel/master_thesis_ros/catkin_ws/src/master_thesis_kremmel/src/ekfSlam.cpp:343:40:[m[K [01;36m[Knote: [m[K  ‘[01m[Kgeometry_msgs::TransformStamped[m[K’ {aka ‘[01m[Kgeometry_msgs::TransformStamped_<std::allocator<void> >[m[K’} is not derived from ‘[01m[Kconst Eigen::ReturnByValue<Derived>[m[K’
  343 |             affineTransform.matrix() = [01;36m[KtransformToVelodyne[m[K;
      |                                        [01;36m[K^~~~~~~~~~~~~~~~~~~[m[K
In file included from [01m[K/usr/include/eigen3/Eigen/Core:458[m[K,
                 from [01m[K/usr/include/eigen3/Eigen/Geometry:11[m[K,
                 from [01m[K/opt/ros/noetic/include/tf2_eigen/tf2_eigen.h:33[m[K,
                 from [01m[K/home/max/master_thesis_kremmel/master_thesis_ros/catkin_ws/src/master_thesis_kremmel/src/ekfSlam.cpp:8[m[K:
[01m[K/usr/include/eigen3/Eigen/src/Core/Matrix.h:279:13:[m[K [01;36m[Knote: [m[Kcandidate: ‘[01m[KEigen::Matrix<_Scalar, _Rows, _Cols, _Options, _MaxRows, _MaxCols>& Eigen::Matrix<_Scalar, _Rows, _Cols, _Options, _MaxRows, _MaxCols>::operator=(Eigen::Matrix<_Scalar, _Rows, _Cols, _Options, _MaxRows, _MaxCols>&&) [with _Scalar = float; int _Rows = 4; int _Cols = 4; int _Options = 0; int _MaxRows = 4; int _MaxCols = 4][m[K’
  279 |     Matrix& [01;36m[Koperator[m[K=(Matrix&& other) EIGEN_NOEXCEPT_IF(std::is_nothrow_move_assignable<Scalar>::value)
      |             [01;36m[K^~~~~~~~[m[K
[01m[K/usr/include/eigen3/Eigen/src/Core/Matrix.h:279:32:[m[K [01;36m[Knote: [m[K  no known conversion for argument 1 from ‘[01m[Kgeometry_msgs::TransformStamped[m[K’ {aka ‘[01m[Kgeometry_msgs::TransformStamped_<std::allocator<void> >[m[K’} to ‘[01m[KEigen::Matrix<float, 4, 4>&&[m[K’
  279 |     Matrix& operator=([01;36m[KMatrix&& other[m[K) EIGEN_NOEXCEPT_IF(std::is_nothrow_move_assignable<Scalar>::value)
      |                       [01;36m[K~~~~~~~~~^~~~~[m[K
[01m[K/usr/include/eigen3/Eigen/src/Core/Matrix.h:390:13:[m[K [01;36m[Knote: [m[Kcandidate: ‘[01m[Ktemplate<class OtherDerived> Eigen::Matrix<_Scalar, _Rows, _Cols, _Options, _MaxRows, _MaxCols>& Eigen::Matrix<_Scalar, _Rows, _Cols, _Options, _MaxRows, _MaxCols>::operator=(const Eigen::RotationBase<OtherDerived, Eigen::Matrix<_Scalar, _Rows, _Cols, _Options, _MaxRows, _MaxCols>::ColsAtCompileTime>&) [with OtherDerived = OtherDerived; _Scalar = float; int _Rows = 4; int _Cols = 4; int _Options = 0; int _MaxRows = 4; int _MaxCols = 4][m[K’
  390 |     Matrix& [01;36m[Koperator[m[K=(const RotationBase<OtherDerived,ColsAtCompileTime>& r);
      |             [01;36m[K^~~~~~~~[m[K
[01m[K/usr/include/eigen3/Eigen/src/Core/Matrix.h:390:13:[m[K [01;36m[Knote: [m[K  template argument deduction/substitution failed:
[01m[K/home/max/master_thesis_kremmel/master_thesis_ros/catkin_ws/src/master_thesis_kremmel/src/ekfSlam.cpp:343:40:[m[K [01;36m[Knote: [m[K  ‘[01m[Kgeometry_msgs::TransformStamped[m[K’ {aka ‘[01m[Kgeometry_msgs::TransformStamped_<std::allocator<void> >[m[K’} is not derived from ‘[01m[Kconst Eigen::RotationBase<OtherDerived, 4>[m[K’
  343 |             affineTransform.matrix() = [01;36m[KtransformToVelodyne[m[K;
      |                                        [01;36m[K^~~~~~~~~~~~~~~~~~~[m[K
make[2]: *** [CMakeFiles/EKFSlam.dir/build.make:63: CMakeFiles/EKFSlam.dir/src/ekfSlam.cpp.o] Error 1
make[1]: *** [CMakeFiles/Makefile2:239: CMakeFiles/EKFSlam.dir/all] Error 2
make: *** [Makefile:141: all] Error 2
