Linked: (/home/max/master_thesis_kremmel/master_thesis_ros/catkin_ws/devel/.private/master_thesis_kremmel/include/master_thesis_kremmel/LandmarkResponse.h, /home/max/master_thesis_kremmel/master_thesis_ros/catkin_ws/devel/include/master_thesis_kremmel/LandmarkResponse.h)
Linked: (/home/max/master_thesis_kremmel/master_thesis_ros/catkin_ws/devel/.private/master_thesis_kremmel/include/master_thesis_kremmel/LandmarkRequest.h, /home/max/master_thesis_kremmel/master_thesis_ros/catkin_ws/devel/include/master_thesis_kremmel/LandmarkRequest.h)
Linked: (/home/max/master_thesis_kremmel/master_thesis_ros/catkin_ws/devel/.private/master_thesis_kremmel/include/master_thesis_kremmel/Landmark.h, /home/max/master_thesis_kremmel/master_thesis_ros/catkin_ws/devel/include/master_thesis_kremmel/Landmark.h)
Linked: (/home/max/master_thesis_kremmel/master_thesis_ros/catkin_ws/devel/.private/master_thesis_kremmel/lib/pkgconfig/master_thesis_kremmel.pc, /home/max/master_thesis_kremmel/master_thesis_ros/catkin_ws/devel/lib/pkgconfig/master_thesis_kremmel.pc)
Linked: (/home/max/master_thesis_kremmel/master_thesis_ros/catkin_ws/devel/.private/master_thesis_kremmel/lib/python3/dist-packages/master_thesis_kremmel/__init__.py, /home/max/master_thesis_kremmel/master_thesis_ros/catkin_ws/devel/lib/python3/dist-packages/master_thesis_kremmel/__init__.py)
Linked: (/home/max/master_thesis_kremmel/master_thesis_ros/catkin_ws/devel/.private/master_thesis_kremmel/lib/python3/dist-packages/master_thesis_kremmel/srv/_Landmark.py, /home/max/master_thesis_kremmel/master_thesis_ros/catkin_ws/devel/lib/python3/dist-packages/master_thesis_kremmel/srv/_Landmark.py)
Linked: (/home/max/master_thesis_kremmel/master_thesis_ros/catkin_ws/devel/.private/master_thesis_kremmel/lib/python3/dist-packages/master_thesis_kremmel/srv/__init__.py, /home/max/master_thesis_kremmel/master_thesis_ros/catkin_ws/devel/lib/python3/dist-packages/master_thesis_kremmel/srv/__init__.py)
Linked: (/home/max/master_thesis_kremmel/master_thesis_ros/catkin_ws/devel/.private/master_thesis_kremmel/lib/master_thesis_kremmel/TransformLaserScan, /home/max/master_thesis_kremmel/master_thesis_ros/catkin_ws/devel/lib/master_thesis_kremmel/TransformLaserScan)
Linked: (/home/max/master_thesis_kremmel/master_thesis_ros/catkin_ws/devel/.private/master_thesis_kremmel/lib/master_thesis_kremmel/LandmarkProcessor, /home/max/master_thesis_kremmel/master_thesis_ros/catkin_ws/devel/lib/master_thesis_kremmel/LandmarkProcessor)
Linked: (/home/max/master_thesis_kremmel/master_thesis_ros/catkin_ws/devel/.private/master_thesis_kremmel/lib/master_thesis_kremmel/CmdVelSmoother, /home/max/master_thesis_kremmel/master_thesis_ros/catkin_ws/devel/lib/master_thesis_kremmel/CmdVelSmoother)
Linked: (/home/max/master_thesis_kremmel/master_thesis_ros/catkin_ws/devel/.private/master_thesis_kremmel/lib/master_thesis_kremmel/Evaluator, /home/max/master_thesis_kremmel/master_thesis_ros/catkin_ws/devel/lib/master_thesis_kremmel/Evaluator)
Linked: (/home/max/master_thesis_kremmel/master_thesis_ros/catkin_ws/devel/.private/master_thesis_kremmel/lib/master_thesis_kremmel/EKFSlam, /home/max/master_thesis_kremmel/master_thesis_ros/catkin_ws/devel/lib/master_thesis_kremmel/EKFSlam)
Linked: (/home/max/master_thesis_kremmel/master_thesis_ros/catkin_ws/devel/.private/master_thesis_kremmel/share/common-lisp/ros/master_thesis_kremmel/srv/_package.lisp, /home/max/master_thesis_kremmel/master_thesis_ros/catkin_ws/devel/share/common-lisp/ros/master_thesis_kremmel/srv/_package.lisp)
Linked: (/home/max/master_thesis_kremmel/master_thesis_ros/catkin_ws/devel/.private/master_thesis_kremmel/share/common-lisp/ros/master_thesis_kremmel/srv/Landmark.lisp, /home/max/master_thesis_kremmel/master_thesis_ros/catkin_ws/devel/share/common-lisp/ros/master_thesis_kremmel/srv/Landmark.lisp)
Linked: (/home/max/master_thesis_kremmel/master_thesis_ros/catkin_ws/devel/.private/master_thesis_kremmel/share/common-lisp/ros/master_thesis_kremmel/srv/_package_Landmark.lisp, /home/max/master_thesis_kremmel/master_thesis_ros/catkin_ws/devel/share/common-lisp/ros/master_thesis_kremmel/srv/_package_Landmark.lisp)
Linked: (/home/max/master_thesis_kremmel/master_thesis_ros/catkin_ws/devel/.private/master_thesis_kremmel/share/common-lisp/ros/master_thesis_kremmel/srv/master_thesis_kremmel-srv.asd, /home/max/master_thesis_kremmel/master_thesis_ros/catkin_ws/devel/share/common-lisp/ros/master_thesis_kremmel/srv/master_thesis_kremmel-srv.asd)
Linked: (/home/max/master_thesis_kremmel/master_thesis_ros/catkin_ws/devel/.private/master_thesis_kremmel/share/roseus/ros/master_thesis_kremmel/manifest.l, /home/max/master_thesis_kremmel/master_thesis_ros/catkin_ws/devel/share/roseus/ros/master_thesis_kremmel/manifest.l)
Linked: (/home/max/master_thesis_kremmel/master_thesis_ros/catkin_ws/devel/.private/master_thesis_kremmel/share/roseus/ros/master_thesis_kremmel/srv/Landmark.l, /home/max/master_thesis_kremmel/master_thesis_ros/catkin_ws/devel/share/roseus/ros/master_thesis_kremmel/srv/Landmark.l)
Linked: (/home/max/master_thesis_kremmel/master_thesis_ros/catkin_ws/devel/.private/master_thesis_kremmel/share/master_thesis_kremmel/cmake/master_thesis_kremmelConfig.cmake, /home/max/master_thesis_kremmel/master_thesis_ros/catkin_ws/devel/share/master_thesis_kremmel/cmake/master_thesis_kremmelConfig.cmake)
Linked: (/home/max/master_thesis_kremmel/master_thesis_ros/catkin_ws/devel/.private/master_thesis_kremmel/share/master_thesis_kremmel/cmake/master_thesis_kremmel-msg-paths.cmake, /home/max/master_thesis_kremmel/master_thesis_ros/catkin_ws/devel/share/master_thesis_kremmel/cmake/master_thesis_kremmel-msg-paths.cmake)
Linked: (/home/max/master_thesis_kremmel/master_thesis_ros/catkin_ws/devel/.private/master_thesis_kremmel/share/master_thesis_kremmel/cmake/master_thesis_kremmel-msg-extras.cmake, /home/max/master_thesis_kremmel/master_thesis_ros/catkin_ws/devel/share/master_thesis_kremmel/cmake/master_thesis_kremmel-msg-extras.cmake)
Linked: (/home/max/master_thesis_kremmel/master_thesis_ros/catkin_ws/devel/.private/master_thesis_kremmel/share/master_thesis_kremmel/cmake/master_thesis_kremmelConfig-version.cmake, /home/max/master_thesis_kremmel/master_thesis_ros/catkin_ws/devel/share/master_thesis_kremmel/cmake/master_thesis_kremmelConfig-version.cmake)
Linked: (/home/max/master_thesis_kremmel/master_thesis_ros/catkin_ws/devel/.private/master_thesis_kremmel/share/gennodejs/ros/master_thesis_kremmel/_index.js, /home/max/master_thesis_kremmel/master_thesis_ros/catkin_ws/devel/share/gennodejs/ros/master_thesis_kremmel/_index.js)
Linked: (/home/max/master_thesis_kremmel/master_thesis_ros/catkin_ws/devel/.private/master_thesis_kremmel/share/gennodejs/ros/master_thesis_kremmel/srv/Landmark.js, /home/max/master_thesis_kremmel/master_thesis_ros/catkin_ws/devel/share/gennodejs/ros/master_thesis_kremmel/srv/Landmark.js)
Linked: (/home/max/master_thesis_kremmel/master_thesis_ros/catkin_ws/devel/.private/master_thesis_kremmel/share/gennodejs/ros/master_thesis_kremmel/srv/_index.js, /home/max/master_thesis_kremmel/master_thesis_ros/catkin_ws/devel/share/gennodejs/ros/master_thesis_kremmel/srv/_index.js)
