[  0%] Built target sensor_msgs_generate_messages_py
[  0%] Built target std_msgs_generate_messages_py
[  0%] Built target sensor_msgs_generate_messages_nodejs
[  9%] Built target Evaluator
[  9%] Built target std_msgs_generate_messages_nodejs
[  9%] Built target std_msgs_generate_messages_lisp
[ 18%] Built target LandmarkProcessor
[ 22%] Built target sensor_msgs_generate_messages_lisp
[ 27%] Built target TransformLaserScan
[ 27%] Built target std_msgs_generate_messages_eus
[ 36%] Built target EKFSlam
[35m[1mScanning dependencies of target CmdVelSmoother[0m
[ 36%] Built target sensor_msgs_generate_messages_cpp
[ 36%] Built target sensor_msgs_generate_messages_eus
[ 36%] Built target _master_thesis_kremmel_generate_messages_check_deps_MoveRobot
[ 36%] Built target std_msgs_generate_messages_cpp
[ 40%] [32mBuilding CXX object CMakeFiles/CmdVelSmoother.dir/src/cmdVelSmoother.cpp.o[0m
[ 40%] Built target _master_thesis_kremmel_generate_messages_check_deps_Landmark
[ 54%] Built target master_thesis_kremmel_generate_messages_nodejs
[ 63%] Built target master_thesis_kremmel_generate_messages_py
[ 72%] Built target master_thesis_kremmel_generate_messages_lisp
[ 86%] Built target master_thesis_kremmel_generate_messages_eus
[ 95%] Built target master_thesis_kremmel_generate_messages_cpp
[ 95%] Built target master_thesis_kremmel_generate_messages
[100%] [32m[1mLinking CXX executable /home/max/master_thesis_kremmel/master_thesis_ros/catkin_ws/devel/.private/master_thesis_kremmel/lib/master_thesis_kremmel/CmdVelSmoother[0m
[100%] Built target CmdVelSmoother
