[35m[1mScanning dependencies of target std_msgs_generate_messages_nodejs[0m
[35m[1mScanning dependencies of target Evaluator[0m
[35m[1mScanning dependencies of target sensor_msgs_generate_messages_py[0m
[35m[1mScanning dependencies of target std_msgs_generate_messages_lisp[0m
[35m[1mScanning dependencies of target std_msgs_generate_messages_py[0m
[35m[1mScanning dependencies of target _master_thesis_kremmel_generate_messages_check_deps_Landmark[0m
[35m[1mScanning dependencies of target TransformLaserScan[0m
[35m[1mScanning dependencies of target EKFSlam[0m
[35m[1mScanning dependencies of target LandmarkProcessor[0m
[35m[1mScanning dependencies of target sensor_msgs_generate_messages_nodejs[0m
[  0%] Built target sensor_msgs_generate_messages_py
[  0%] Built target std_msgs_generate_messages_nodejs
[  0%] Built target std_msgs_generate_messages_lisp
[  0%] Built target std_msgs_generate_messages_py
[  0%] Built target sensor_msgs_generate_messages_nodejs
[35m[1mScanning dependencies of target sensor_msgs_generate_messages_lisp[0m
[35m[1mScanning dependencies of target std_msgs_generate_messages_eus[0m
[35m[1mScanning dependencies of target sensor_msgs_generate_messages_eus[0m
[35m[1mScanning dependencies of target sensor_msgs_generate_messages_cpp[0m
[35m[1mScanning dependencies of target std_msgs_generate_messages_cpp[0m
[  0%] Built target sensor_msgs_generate_messages_lisp
[  5%] [32mBuilding CXX object CMakeFiles/Evaluator.dir/src/evaluator.cpp.o[0m
[  5%] Built target sensor_msgs_generate_messages_cpp
[  5%] Built target std_msgs_generate_messages_eus
[35m[1mScanning dependencies of target CmdVelSmoother[0m
[  5%] Built target std_msgs_generate_messages_cpp
[  5%] Built target sensor_msgs_generate_messages_eus
[  5%] Built target _master_thesis_kremmel_generate_messages_check_deps_Landmark
[ 11%] [32mBuilding CXX object CMakeFiles/CmdVelSmoother.dir/src/cmdVelSmoother.cpp.o[0m
[35m[1mScanning dependencies of target master_thesis_kremmel_generate_messages_lisp[0m
[35m[1mScanning dependencies of target master_thesis_kremmel_generate_messages_nodejs[0m
[35m[1mScanning dependencies of target master_thesis_kremmel_generate_messages_py[0m
[35m[1mScanning dependencies of target master_thesis_kremmel_generate_messages_cpp[0m
[35m[1mScanning dependencies of target master_thesis_kremmel_generate_messages_eus[0m
[ 17%] [34m[1mGenerating Javascript code from master_thesis_kremmel/Landmark.srv[0m
[ 23%] [34m[1mGenerating EusLisp code from master_thesis_kremmel/Landmark.srv[0m
[ 29%] [34m[1mGenerating C++ code from master_thesis_kremmel/Landmark.srv[0m
[ 41%] [34m[1mGenerating Python code from SRV master_thesis_kremmel/Landmark[0m
[ 41%] [34m[1mGenerating Lisp code from master_thesis_kremmel/Landmark.srv[0m
[ 41%] Built target master_thesis_kremmel_generate_messages_nodejs
[ 41%] Built target master_thesis_kremmel_generate_messages_lisp
[ 47%] [34m[1mGenerating EusLisp manifest code for master_thesis_kremmel[0m
[ 52%] [32mBuilding CXX object CMakeFiles/TransformLaserScan.dir/src/transformLaserScan.cpp.o[0m
[ 58%] [32mBuilding CXX object CMakeFiles/EKFSlam.dir/src/ekfSlam.cpp.o[0m
[ 64%] [32mBuilding CXX object CMakeFiles/LandmarkProcessor.dir/src/landmarkProcessing.cpp.o[0m
[ 64%] Built target master_thesis_kremmel_generate_messages_cpp
[ 70%] [34m[1mGenerating Python srv __init__.py for master_thesis_kremmel[0m
[ 70%] Built target master_thesis_kremmel_generate_messages_py
[ 70%] Built target master_thesis_kremmel_generate_messages_eus
[35m[1mScanning dependencies of target master_thesis_kremmel_generate_messages[0m
[ 70%] Built target master_thesis_kremmel_generate_messages
[ 76%] [32m[1mLinking CXX executable /home/max/Dokumente/master_thesis_kremmel/master_thesis_ros/catkin_ws/devel/.private/master_thesis_kremmel/lib/master_thesis_kremmel/CmdVelSmoother[0m
[ 76%] Built target CmdVelSmoother
[ 82%] [32m[1mLinking CXX executable /home/max/Dokumente/master_thesis_kremmel/master_thesis_ros/catkin_ws/devel/.private/master_thesis_kremmel/lib/master_thesis_kremmel/Evaluator[0m
[ 82%] Built target Evaluator
[ 88%] [32m[1mLinking CXX executable /home/max/Dokumente/master_thesis_kremmel/master_thesis_ros/catkin_ws/devel/.private/master_thesis_kremmel/lib/master_thesis_kremmel/TransformLaserScan[0m
[ 88%] Built target TransformLaserScan
[ 94%] [32m[1mLinking CXX executable /home/max/Dokumente/master_thesis_kremmel/master_thesis_ros/catkin_ws/devel/.private/master_thesis_kremmel/lib/master_thesis_kremmel/LandmarkProcessor[0m
[ 94%] Built target LandmarkProcessor
[100%] [32m[1mLinking CXX executable /home/max/Dokumente/master_thesis_kremmel/master_thesis_ros/catkin_ws/devel/.private/master_thesis_kremmel/lib/master_thesis_kremmel/EKFSlam[0m
[100%] Built target EKFSlam
