Symlinking /home/max/Dokumente/master_thesis_kremmel/master_thesis_ros/catkin_ws/devel/share/gennodejs/ros/master_thesis_kremmel/_index.js
Symlinking /home/max/Dokumente/master_thesis_kremmel/master_thesis_ros/catkin_ws/devel/share/gennodejs/ros/master_thesis_kremmel/srv/Landmark.js
Symlinking /home/max/Dokumente/master_thesis_kremmel/master_thesis_ros/catkin_ws/devel/share/gennodejs/ros/master_thesis_kremmel/srv/_index.js
Symlinking /home/max/Dokumente/master_thesis_kremmel/master_thesis_ros/catkin_ws/devel/share/roseus/ros/master_thesis_kremmel/manifest.l
Symlinking /home/max/Dokumente/master_thesis_kremmel/master_thesis_ros/catkin_ws/devel/share/roseus/ros/master_thesis_kremmel/srv/Landmark.l
Symlinking /home/max/Dokumente/master_thesis_kremmel/master_thesis_ros/catkin_ws/devel/share/common-lisp/ros/master_thesis_kremmel/srv/master_thesis_kremmel-srv.asd
Symlinking /home/max/Dokumente/master_thesis_kremmel/master_thesis_ros/catkin_ws/devel/share/common-lisp/ros/master_thesis_kremmel/srv/_package_Landmark.lisp
Symlinking /home/max/Dokumente/master_thesis_kremmel/master_thesis_ros/catkin_ws/devel/share/common-lisp/ros/master_thesis_kremmel/srv/Landmark.lisp
Symlinking /home/max/Dokumente/master_thesis_kremmel/master_thesis_ros/catkin_ws/devel/share/common-lisp/ros/master_thesis_kremmel/srv/_package.lisp
Symlinking /home/max/Dokumente/master_thesis_kremmel/master_thesis_ros/catkin_ws/devel/share/master_thesis_kremmel/cmake/master_thesis_kremmel-msg-extras.cmake
Symlinking /home/max/Dokumente/master_thesis_kremmel/master_thesis_ros/catkin_ws/devel/share/master_thesis_kremmel/cmake/master_thesis_kremmelConfig-version.cmake
Symlinking /home/max/Dokumente/master_thesis_kremmel/master_thesis_ros/catkin_ws/devel/share/master_thesis_kremmel/cmake/master_thesis_kremmelConfig.cmake
Symlinking /home/max/Dokumente/master_thesis_kremmel/master_thesis_ros/catkin_ws/devel/share/master_thesis_kremmel/cmake/master_thesis_kremmel-msg-paths.cmake
Symlinking /home/max/Dokumente/master_thesis_kremmel/master_thesis_ros/catkin_ws/devel/lib/pkgconfig/master_thesis_kremmel.pc
Symlinking /home/max/Dokumente/master_thesis_kremmel/master_thesis_ros/catkin_ws/devel/lib/python3/dist-packages/master_thesis_kremmel/__init__.py
Symlinking /home/max/Dokumente/master_thesis_kremmel/master_thesis_ros/catkin_ws/devel/lib/python3/dist-packages/master_thesis_kremmel/srv/__init__.py
Symlinking /home/max/Dokumente/master_thesis_kremmel/master_thesis_ros/catkin_ws/devel/lib/python3/dist-packages/master_thesis_kremmel/srv/_Landmark.py
Symlinking /home/max/Dokumente/master_thesis_kremmel/master_thesis_ros/catkin_ws/devel/lib/master_thesis_kremmel/TransformLaserScan
Symlinking /home/max/Dokumente/master_thesis_kremmel/master_thesis_ros/catkin_ws/devel/lib/master_thesis_kremmel/LandmarkProcessor
Symlinking /home/max/Dokumente/master_thesis_kremmel/master_thesis_ros/catkin_ws/devel/lib/master_thesis_kremmel/CmdVelSmoother
Symlinking /home/max/Dokumente/master_thesis_kremmel/master_thesis_ros/catkin_ws/devel/lib/master_thesis_kremmel/EKFSlam
Symlinking /home/max/Dokumente/master_thesis_kremmel/master_thesis_ros/catkin_ws/devel/lib/master_thesis_kremmel/Evaluator
Symlinking /home/max/Dokumente/master_thesis_kremmel/master_thesis_ros/catkin_ws/devel/include/master_thesis_kremmel/LandmarkRequest.h
Symlinking /home/max/Dokumente/master_thesis_kremmel/master_thesis_ros/catkin_ws/devel/include/master_thesis_kremmel/LandmarkResponse.h
Symlinking /home/max/Dokumente/master_thesis_kremmel/master_thesis_ros/catkin_ws/devel/include/master_thesis_kremmel/Landmark.h
