[35m[1mScanning dependencies of target EKFSlam[0m
[  0%] Built target sensor_msgs_generate_messages_nodejs
[  0%] Built target std_msgs_generate_messages_lisp
[  0%] Built target std_msgs_generate_messages_nodejs
[  0%] Built target sensor_msgs_generate_messages_py
[  0%] Built target std_msgs_generate_messages_py
[ 11%] Built target Evaluator
[ 22%] Built target LandmarkProcessor
[ 16%] Built target sensor_msgs_generate_messages_lisp
[ 22%] Built target std_msgs_generate_messages_eus
[ 22%] Built target sensor_msgs_generate_messages_cpp
[ 22%] Built target sensor_msgs_generate_messages_eus
[ 22%] Built target std_msgs_generate_messages_cpp
[ 22%] Built target _master_thesis_kremmel_generate_messages_check_deps_MoveRobot
[ 27%] [32mBuilding CXX object CMakeFiles/EKFSlam.dir/src/ekfSlam.cpp.o[0m
[ 27%] Built target _master_thesis_kremmel_generate_messages_check_deps_Landmark
[ 38%] Built target master_thesis_kremmel_generate_messages_lisp
[ 50%] Built target master_thesis_kremmel_generate_messages_cpp
[ 72%] Built target master_thesis_kremmel_generate_messages_nodejs
[ 77%] Built target master_thesis_kremmel_generate_messages_py
[ 94%] Built target master_thesis_kremmel_generate_messages_eus
[ 94%] Built target master_thesis_kremmel_generate_messages
[100%] [32m[1mLinking CXX executable /home/max/master_thesis_kremmel/master_thesis_ros/catkin_ws/devel/.private/master_thesis_kremmel/lib/master_thesis_kremmel/EKFSlam[0m
[100%] Built target EKFSlam
