[  0%] Built target sensor_msgs_generate_messages_nodejs
[  0%] Built target std_msgs_generate_messages_nodejs
[  0%] Built target std_msgs_generate_messages_eus
[  0%] Built target sensor_msgs_generate_messages_lisp
[  0%] Built target std_msgs_generate_messages_lisp
[  0%] Built target std_msgs_generate_messages_py
[  0%] Built target sensor_msgs_generate_messages_eus
[  0%] Built target sensor_msgs_generate_messages_py
[  9%] Built target Evaluator
[ 18%] Built target TransformLaserScan
[ 31%] Built target std_msgs_generate_messages_cpp
[ 36%] Built target EKFSlam
[ 36%] Built target LandmarkProcessor
[ 36%] Built target sensor_msgs_generate_messages_cpp
[ 45%] Built target CmdVelSmoother
[ 45%] Built target _master_thesis_kremmel_generate_messages_check_deps_MoveRobot
[ 45%] Built target _master_thesis_kremmel_generate_messages_check_deps_Landmark
[ 86%] Built target master_thesis_kremmel_generate_messages_cpp
[ 86%] Built target master_thesis_kremmel_generate_messages_lisp
[ 90%] Built target master_thesis_kremmel_generate_messages_py
[ 90%] Built target master_thesis_kremmel_generate_messages_eus
[100%] Built target master_thesis_kremmel_generate_messages_nodejs
[100%] Built target master_thesis_kremmel_generate_messages
