[35m[1mScanning dependencies of target EKFSlam[0m
[  0%] Built target std_msgs_generate_messages_nodejs
[  0%] Built target std_msgs_generate_messages_py
[  0%] Built target sensor_msgs_generate_messages_py
[  0%] Built target sensor_msgs_generate_messages_nodejs
[  0%] Built target std_msgs_generate_messages_lisp
[ 11%] Built target LandmarkProcessor
[ 11%] Built target sensor_msgs_generate_messages_lisp
[ 23%] Built target Evaluator
[ 35%] Built target TransformLaserScan
[ 41%] [32mBuilding CXX object CMakeFiles/EKFSlam.dir/src/ekfSlam.cpp.o[0m
[ 41%] Built target std_msgs_generate_messages_eus
[ 41%] Built target sensor_msgs_generate_messages_cpp
[ 41%] Built target sensor_msgs_generate_messages_eus
[ 41%] Built target _master_thesis_kremmel_generate_messages_check_deps_Landmark
[ 41%] Built target std_msgs_generate_messages_cpp
[ 52%] Built target CmdVelSmoother
[ 58%] Built target master_thesis_kremmel_generate_messages_nodejs
[ 82%] Built target master_thesis_kremmel_generate_messages_lisp
[ 82%] Built target master_thesis_kremmel_generate_messages_py
[ 82%] Built target master_thesis_kremmel_generate_messages_cpp
[ 94%] Built target master_thesis_kremmel_generate_messages_eus
[ 94%] Built target master_thesis_kremmel_generate_messages
[100%] [32m[1mLinking CXX executable /home/max/master_thesis_kremmel/master_thesis_ros/catkin_ws/devel/.private/master_thesis_kremmel/lib/master_thesis_kremmel/EKFSlam[0m
[100%] Built target EKFSlam
