In file included from [01m[K/usr/include/eigen3/Eigen/Core:439[m[K,
                 from [01m[K/usr/include/eigen3/Eigen/Geometry:11[m[K,
                 from [01m[K/opt/ros/noetic/include/tf2_eigen/tf2_eigen.h:33[m[K,
                 from [01m[K/home/max/master_thesis_kremmel/master_thesis_ros/catkin_ws/src/master_thesis_kremmel/src/ekfSlam.cpp:8[m[K:
/usr/include/eigen3/Eigen/src/Core/Product.h: In instantiation of ‘[01m[Kstruct Eigen::internal::traits<Eigen::Product<Eigen::Matrix<double, 4, 4>, Eigen::Matrix<float, 3, 1>, 0> >[m[K’:
[01m[K/usr/include/eigen3/Eigen/src/Core/Product.h:115:7:[m[K   required from ‘[01m[Kclass Eigen::internal::dense_product_base<Eigen::Matrix<double, 4, 4>, Eigen::Matrix<float, 3, 1>, 0, 3>[m[K’
[01m[K/usr/include/eigen3/Eigen/src/Core/Product.h:147:7:[m[K   required from ‘[01m[Kclass Eigen::ProductImpl<Eigen::Matrix<double, 4, 4>, Eigen::Matrix<float, 3, 1>, 0, Eigen::Dense>[m[K’
[01m[K/usr/include/eigen3/Eigen/src/Core/Product.h:71:7:[m[K   required from ‘[01m[Kclass Eigen::Product<Eigen::Matrix<double, 4, 4>, Eigen::Matrix<float, 3, 1>, 0>[m[K’
[01m[K/home/max/master_thesis_kremmel/master_thesis_ros/catkin_ws/src/master_thesis_kremmel/src/ekfSlam.cpp:344:110:[m[K   required from here
[01m[K/usr/include/eigen3/Eigen/src/Core/Product.h:29:127:[m[K [01;31m[Kerror: [m[Kno type named ‘[01m[KReturnType[m[K’ in ‘[01m[Kstruct Eigen::ScalarBinaryOpTraits<double, float, Eigen::internal::scalar_product_op<double, float> >[m[K’
   29 |   typedef typename ScalarBinaryOpTraits<typename traits<LhsCleaned>::Scalar, typename traits<RhsCleaned>::Scalar>::ReturnType [01;31m[KScalar[m[K;
      |                                                                                                                               [01;31m[K^~~~~~[m[K
In file included from [01m[K/usr/include/eigen3/Eigen/Core:435[m[K,
                 from [01m[K/usr/include/eigen3/Eigen/Geometry:11[m[K,
                 from [01m[K/opt/ros/noetic/include/tf2_eigen/tf2_eigen.h:33[m[K,
                 from [01m[K/home/max/master_thesis_kremmel/master_thesis_ros/catkin_ws/src/master_thesis_kremmel/src/ekfSlam.cpp:8[m[K:
/usr/include/eigen3/Eigen/src/Core/DenseBase.h: In instantiation of ‘[01m[Kclass Eigen::DenseBase<Eigen::Product<Eigen::Matrix<double, 4, 4>, Eigen::Matrix<float, 3, 1>, 0> >[m[K’:
[01m[K/usr/include/eigen3/Eigen/src/Core/MatrixBase.h:48:34:[m[K   required from ‘[01m[Kclass Eigen::MatrixBase<Eigen::Product<Eigen::Matrix<double, 4, 4>, Eigen::Matrix<float, 3, 1>, 0> >[m[K’
[01m[K/usr/include/eigen3/Eigen/src/Core/Product.h:115:7:[m[K   required from ‘[01m[Kclass Eigen::internal::dense_product_base<Eigen::Matrix<double, 4, 4>, Eigen::Matrix<float, 3, 1>, 0, 3>[m[K’
[01m[K/usr/include/eigen3/Eigen/src/Core/Product.h:147:7:[m[K   required from ‘[01m[Kclass Eigen::ProductImpl<Eigen::Matrix<double, 4, 4>, Eigen::Matrix<float, 3, 1>, 0, Eigen::Dense>[m[K’
[01m[K/usr/include/eigen3/Eigen/src/Core/Product.h:71:7:[m[K   required from ‘[01m[Kclass Eigen::Product<Eigen::Matrix<double, 4, 4>, Eigen::Matrix<float, 3, 1>, 0>[m[K’
[01m[K/home/max/master_thesis_kremmel/master_thesis_ros/catkin_ws/src/master_thesis_kremmel/src/ekfSlam.cpp:344:110:[m[K   required from here
[01m[K/usr/include/eigen3/Eigen/src/Core/DenseBase.h:83:17:[m[K [01;31m[Kerror: [m[Kno members matching ‘[01m[KEigen::DenseBase<Eigen::Product<Eigen::Matrix<double, 4, 4>, Eigen::Matrix<float, 3, 1>, 0> >::Base {aka Eigen::DenseCoeffsBase<Eigen::Product<Eigen::Matrix<double, 4, 4>, Eigen::Matrix<float, 3, 1>, 0>, 0>}::coeff[m[K’ in ‘[01m[KEigen::DenseBase<Eigen::Product<Eigen::Matrix<double, 4, 4>, Eigen::Matrix<float, 3, 1>, 0> >::Base[m[K’ {aka ‘[01m[Kclass Eigen::DenseCoeffsBase<Eigen::Product<Eigen::Matrix<double, 4, 4>, Eigen::Matrix<float, 3, 1>, 0>, 0>[m[K’}
   83 |     using Base::[01;31m[Kcoeff[m[K;
      |                 [01;31m[K^~~~~[m[K
[01m[K/usr/include/eigen3/Eigen/src/Core/DenseBase.h:84:17:[m[K [01;31m[Kerror: [m[Kno members matching ‘[01m[KEigen::DenseBase<Eigen::Product<Eigen::Matrix<double, 4, 4>, Eigen::Matrix<float, 3, 1>, 0> >::Base {aka Eigen::DenseCoeffsBase<Eigen::Product<Eigen::Matrix<double, 4, 4>, Eigen::Matrix<float, 3, 1>, 0>, 0>}::coeffByOuterInner[m[K’ in ‘[01m[KEigen::DenseBase<Eigen::Product<Eigen::Matrix<double, 4, 4>, Eigen::Matrix<float, 3, 1>, 0> >::Base[m[K’ {aka ‘[01m[Kclass Eigen::DenseCoeffsBase<Eigen::Product<Eigen::Matrix<double, 4, 4>, Eigen::Matrix<float, 3, 1>, 0>, 0>[m[K’}
   84 |     using Base::[01;31m[KcoeffByOuterInner[m[K;
      |                 [01;31m[K^~~~~~~~~~~~~~~~~[m[K
[01m[K/usr/include/eigen3/Eigen/src/Core/DenseBase.h:85:26:[m[K [01;31m[Kerror: [m[Kno members matching ‘[01m[KEigen::DenseBase<Eigen::Product<Eigen::Matrix<double, 4, 4>, Eigen::Matrix<float, 3, 1>, 0> >::Base {aka Eigen::DenseCoeffsBase<Eigen::Product<Eigen::Matrix<double, 4, 4>, Eigen::Matrix<float, 3, 1>, 0>, 0>}::operator()[m[K’ in ‘[01m[KEigen::DenseBase<Eigen::Product<Eigen::Matrix<double, 4, 4>, Eigen::Matrix<float, 3, 1>, 0> >::Base[m[K’ {aka ‘[01m[Kclass Eigen::DenseCoeffsBase<Eigen::Product<Eigen::Matrix<double, 4, 4>, Eigen::Matrix<float, 3, 1>, 0>, 0>[m[K’}
   85 |     using Base::operator([01;31m[K)[m[K;
      |                          [01;31m[K^[m[K
[01m[K/usr/include/eigen3/Eigen/src/Core/DenseBase.h:86:26:[m[K [01;31m[Kerror: [m[Kno members matching ‘[01m[KEigen::DenseBase<Eigen::Product<Eigen::Matrix<double, 4, 4>, Eigen::Matrix<float, 3, 1>, 0> >::Base {aka Eigen::DenseCoeffsBase<Eigen::Product<Eigen::Matrix<double, 4, 4>, Eigen::Matrix<float, 3, 1>, 0>, 0>}::operator[][m[K’ in ‘[01m[KEigen::DenseBase<Eigen::Product<Eigen::Matrix<double, 4, 4>, Eigen::Matrix<float, 3, 1>, 0> >::Base[m[K’ {aka ‘[01m[Kclass Eigen::DenseCoeffsBase<Eigen::Product<Eigen::Matrix<double, 4, 4>, Eigen::Matrix<float, 3, 1>, 0>, 0>[m[K’}
   86 |     using Base::operator[[01;31m[K][m[K;
      |                          [01;31m[K^[m[K
[01m[K/usr/include/eigen3/Eigen/src/Core/DenseBase.h:87:17:[m[K [01;31m[Kerror: [m[Kno members matching ‘[01m[KEigen::DenseBase<Eigen::Product<Eigen::Matrix<double, 4, 4>, Eigen::Matrix<float, 3, 1>, 0> >::Base {aka Eigen::DenseCoeffsBase<Eigen::Product<Eigen::Matrix<double, 4, 4>, Eigen::Matrix<float, 3, 1>, 0>, 0>}::x[m[K’ in ‘[01m[KEigen::DenseBase<Eigen::Product<Eigen::Matrix<double, 4, 4>, Eigen::Matrix<float, 3, 1>, 0> >::Base[m[K’ {aka ‘[01m[Kclass Eigen::DenseCoeffsBase<Eigen::Product<Eigen::Matrix<double, 4, 4>, Eigen::Matrix<float, 3, 1>, 0>, 0>[m[K’}
   87 |     using Base::[01;31m[Kx[m[K;
      |                 [01;31m[K^[m[K
[01m[K/usr/include/eigen3/Eigen/src/Core/DenseBase.h:88:17:[m[K [01;31m[Kerror: [m[Kno members matching ‘[01m[KEigen::DenseBase<Eigen::Product<Eigen::Matrix<double, 4, 4>, Eigen::Matrix<float, 3, 1>, 0> >::Base {aka Eigen::DenseCoeffsBase<Eigen::Product<Eigen::Matrix<double, 4, 4>, Eigen::Matrix<float, 3, 1>, 0>, 0>}::y[m[K’ in ‘[01m[KEigen::DenseBase<Eigen::Product<Eigen::Matrix<double, 4, 4>, Eigen::Matrix<float, 3, 1>, 0> >::Base[m[K’ {aka ‘[01m[Kclass Eigen::DenseCoeffsBase<Eigen::Product<Eigen::Matrix<double, 4, 4>, Eigen::Matrix<float, 3, 1>, 0>, 0>[m[K’}
   88 |     using Base::[01;31m[Ky[m[K;
      |                 [01;31m[K^[m[K
[01m[K/usr/include/eigen3/Eigen/src/Core/DenseBase.h:89:17:[m[K [01;31m[Kerror: [m[Kno members matching ‘[01m[KEigen::DenseBase<Eigen::Product<Eigen::Matrix<double, 4, 4>, Eigen::Matrix<float, 3, 1>, 0> >::Base {aka Eigen::DenseCoeffsBase<Eigen::Product<Eigen::Matrix<double, 4, 4>, Eigen::Matrix<float, 3, 1>, 0>, 0>}::z[m[K’ in ‘[01m[KEigen::DenseBase<Eigen::Product<Eigen::Matrix<double, 4, 4>, Eigen::Matrix<float, 3, 1>, 0> >::Base[m[K’ {aka ‘[01m[Kclass Eigen::DenseCoeffsBase<Eigen::Product<Eigen::Matrix<double, 4, 4>, Eigen::Matrix<float, 3, 1>, 0>, 0>[m[K’}
   89 |     using Base::[01;31m[Kz[m[K;
      |                 [01;31m[K^[m[K
[01m[K/usr/include/eigen3/Eigen/src/Core/DenseBase.h:90:17:[m[K [01;31m[Kerror: [m[Kno members matching ‘[01m[KEigen::DenseBase<Eigen::Product<Eigen::Matrix<double, 4, 4>, Eigen::Matrix<float, 3, 1>, 0> >::Base {aka Eigen::DenseCoeffsBase<Eigen::Product<Eigen::Matrix<double, 4, 4>, Eigen::Matrix<float, 3, 1>, 0>, 0>}::w[m[K’ in ‘[01m[KEigen::DenseBase<Eigen::Product<Eigen::Matrix<double, 4, 4>, Eigen::Matrix<float, 3, 1>, 0> >::Base[m[K’ {aka ‘[01m[Kclass Eigen::DenseCoeffsBase<Eigen::Product<Eigen::Matrix<double, 4, 4>, Eigen::Matrix<float, 3, 1>, 0>, 0>[m[K’}
   90 |     using Base::[01;31m[Kw[m[K;
      |                 [01;31m[K^[m[K
In file included from [01m[K/usr/include/eigen3/Eigen/Core:436[m[K,
                 from [01m[K/usr/include/eigen3/Eigen/Geometry:11[m[K,
                 from [01m[K/opt/ros/noetic/include/tf2_eigen/tf2_eigen.h:33[m[K,
                 from [01m[K/home/max/master_thesis_kremmel/master_thesis_ros/catkin_ws/src/master_thesis_kremmel/src/ekfSlam.cpp:8[m[K:
/usr/include/eigen3/Eigen/src/Core/MatrixBase.h: In instantiation of ‘[01m[Kclass Eigen::MatrixBase<Eigen::Product<Eigen::Matrix<double, 4, 4>, Eigen::Matrix<float, 3, 1>, 0> >[m[K’:
[01m[K/usr/include/eigen3/Eigen/src/Core/Product.h:115:7:[m[K   required from ‘[01m[Kclass Eigen::internal::dense_product_base<Eigen::Matrix<double, 4, 4>, Eigen::Matrix<float, 3, 1>, 0, 3>[m[K’
[01m[K/usr/include/eigen3/Eigen/src/Core/Product.h:147:7:[m[K   required from ‘[01m[Kclass Eigen::ProductImpl<Eigen::Matrix<double, 4, 4>, Eigen::Matrix<float, 3, 1>, 0, Eigen::Dense>[m[K’
[01m[K/usr/include/eigen3/Eigen/src/Core/Product.h:71:7:[m[K   required from ‘[01m[Kclass Eigen::Product<Eigen::Matrix<double, 4, 4>, Eigen::Matrix<float, 3, 1>, 0>[m[K’
[01m[K/home/max/master_thesis_kremmel/master_thesis_ros/catkin_ws/src/master_thesis_kremmel/src/ekfSlam.cpp:344:110:[m[K   required from here
[01m[K/usr/include/eigen3/Eigen/src/Core/MatrixBase.h:75:17:[m[K [01;31m[Kerror: [m[Kno members matching ‘[01m[KEigen::MatrixBase<Eigen::Product<Eigen::Matrix<double, 4, 4>, Eigen::Matrix<float, 3, 1>, 0> >::Base {aka Eigen::DenseBase<Eigen::Product<Eigen::Matrix<double, 4, 4>, Eigen::Matrix<float, 3, 1>, 0> >}::coeff[m[K’ in ‘[01m[KEigen::MatrixBase<Eigen::Product<Eigen::Matrix<double, 4, 4>, Eigen::Matrix<float, 3, 1>, 0> >::Base[m[K’ {aka ‘[01m[Kclass Eigen::DenseBase<Eigen::Product<Eigen::Matrix<double, 4, 4>, Eigen::Matrix<float, 3, 1>, 0> >[m[K’}
   75 |     using Base::[01;31m[Kcoeff[m[K;
      |                 [01;31m[K^~~~~[m[K
[01m[K/usr/include/eigen3/Eigen/src/Core/MatrixBase.h:78:17:[m[K [01;31m[Kerror: [m[Kno members matching ‘[01m[KEigen::MatrixBase<Eigen::Product<Eigen::Matrix<double, 4, 4>, Eigen::Matrix<float, 3, 1>, 0> >::Base {aka Eigen::DenseBase<Eigen::Product<Eigen::Matrix<double, 4, 4>, Eigen::Matrix<float, 3, 1>, 0> >}::eval[m[K’ in ‘[01m[KEigen::MatrixBase<Eigen::Product<Eigen::Matrix<double, 4, 4>, Eigen::Matrix<float, 3, 1>, 0> >::Base[m[K’ {aka ‘[01m[Kclass Eigen::DenseBase<Eigen::Product<Eigen::Matrix<double, 4, 4>, Eigen::Matrix<float, 3, 1>, 0> >[m[K’}
   78 |     using Base::[01;31m[Keval[m[K;
      |                 [01;31m[K^~~~[m[K
[01m[K/usr/include/eigen3/Eigen/src/Core/MatrixBase.h:81:25:[m[K [01;31m[Kerror: [m[Kno members matching ‘[01m[KEigen::MatrixBase<Eigen::Product<Eigen::Matrix<double, 4, 4>, Eigen::Matrix<float, 3, 1>, 0> >::Base {aka Eigen::DenseBase<Eigen::Product<Eigen::Matrix<double, 4, 4>, Eigen::Matrix<float, 3, 1>, 0> >}::operator*=[m[K’ in ‘[01m[KEigen::MatrixBase<Eigen::Product<Eigen::Matrix<double, 4, 4>, Eigen::Matrix<float, 3, 1>, 0> >::Base[m[K’ {aka ‘[01m[Kclass Eigen::DenseBase<Eigen::Product<Eigen::Matrix<double, 4, 4>, Eigen::Matrix<float, 3, 1>, 0> >[m[K’}
   81 |     using Base::operator[01;31m[K*=[m[K;
      |                         [01;31m[K^~[m[K
[01m[K/usr/include/eigen3/Eigen/src/Core/MatrixBase.h:82:25:[m[K [01;31m[Kerror: [m[Kno members matching ‘[01m[KEigen::MatrixBase<Eigen::Product<Eigen::Matrix<double, 4, 4>, Eigen::Matrix<float, 3, 1>, 0> >::Base {aka Eigen::DenseBase<Eigen::Product<Eigen::Matrix<double, 4, 4>, Eigen::Matrix<float, 3, 1>, 0> >}::operator/=[m[K’ in ‘[01m[KEigen::MatrixBase<Eigen::Product<Eigen::Matrix<double, 4, 4>, Eigen::Matrix<float, 3, 1>, 0> >::Base[m[K’ {aka ‘[01m[Kclass Eigen::DenseBase<Eigen::Product<Eigen::Matrix<double, 4, 4>, Eigen::Matrix<float, 3, 1>, 0> >[m[K’}
   82 |     using Base::operator[01;31m[K/=[m[K;
      |                         [01;31m[K^~[m[K
In file included from [01m[K/usr/include/eigen3/Eigen/Core:366[m[K,
                 from [01m[K/usr/include/eigen3/Eigen/Geometry:11[m[K,
                 from [01m[K/opt/ros/noetic/include/tf2_eigen/tf2_eigen.h:33[m[K,
                 from [01m[K/home/max/master_thesis_kremmel/master_thesis_ros/catkin_ws/src/master_thesis_kremmel/src/ekfSlam.cpp:8[m[K:
/usr/include/eigen3/Eigen/src/Core/GeneralProduct.h: In instantiation of ‘[01m[Kconst Eigen::Product<Derived, OtherDerived> Eigen::MatrixBase<Derived>::operator*(const Eigen::MatrixBase<OtherDerived>&) const [with OtherDerived = Eigen::Matrix<float, 3, 1>; Derived = Eigen::Matrix<double, 4, 4>][m[K’:
[01m[K/home/max/master_thesis_kremmel/master_thesis_ros/catkin_ws/src/master_thesis_kremmel/src/ekfSlam.cpp:344:110:[m[K   required from here
[01m[K/usr/include/eigen3/Eigen/src/Core/GeneralProduct.h:410:3:[m[K [01;31m[Kerror: [m[Kstatic assertion failed: INVALID_MATRIX_PRODUCT
  410 |   [01;31m[KEIGEN_STATIC_ASSERT[m[K(ProductIsValid || SameSizes, INVALID_MATRIX_PRODUCT)
      |   [01;31m[K^~~~~~~~~~~~~~~~~~~[m[K
make[2]: *** [CMakeFiles/EKFSlam.dir/build.make:63: CMakeFiles/EKFSlam.dir/src/ekfSlam.cpp.o] Error 1
make[1]: *** [CMakeFiles/Makefile2:239: CMakeFiles/EKFSlam.dir/all] Error 2
make: *** [Makefile:141: all] Error 2
