[  0%] Built target sensor_msgs_generate_messages_py
[  0%] Built target sensor_msgs_generate_messages_nodejs
[  0%] Built target sensor_msgs_generate_messages_lisp
[  0%] Built target std_msgs_generate_messages_py
[  0%] Built target std_msgs_generate_messages_nodejs
[  0%] Built target std_msgs_generate_messages_lisp
[  9%] Built target Evaluator
[ 18%] Built target TransformLaserScan
[ 27%] Built target EKFSlam
[ 36%] Built target LandmarkProcessor
[ 36%] Built target std_msgs_generate_messages_eus
[ 36%] Built target sensor_msgs_generate_messages_eus
[ 36%] Built target std_msgs_generate_messages_cpp
[ 36%] Built target sensor_msgs_generate_messages_cpp
[ 45%] Built target CmdVelSmoother
[ 45%] Built target _master_thesis_kremmel_generate_messages_check_deps_MoveRobot
[ 45%] Built target _master_thesis_kremmel_generate_messages_check_deps_Landmark
[ 72%] Built target master_thesis_kremmel_generate_messages_nodejs
[ 72%] Built target master_thesis_kremmel_generate_messages_cpp
[ 77%] Built target master_thesis_kremmel_generate_messages_eus
[ 95%] Built target master_thesis_kremmel_generate_messages_lisp
[100%] Built target master_thesis_kremmel_generate_messages_py
[100%] Built target master_thesis_kremmel_generate_messages
