[01m[K/home/max/master_thesis_kremmel/master_thesis_ros/catkin_ws/src/master_thesis_kremmel/src/ekfSlam.cpp:[m[K In constructor ‘[01m[KEKFSlam::EKFSlam(ros::NodeHandle&)[m[K’:
[01m[K/home/max/master_thesis_kremmel/master_thesis_ros/catkin_ws/src/master_thesis_kremmel/src/ekfSlam.cpp:39:67:[m[K [01;31m[Kerror: [m[K‘[01m[KMarkery[m[K’ is not a member of ‘[01m[Kvisualization_msgs[m[K’; did you mean ‘[01m[KMarker[m[K’?
   39 |         measuredLMposePublisher = n.advertise<visualization_msgs::[01;31m[KMarkery[m[K>("/ekf_slam/measured_lm_pose", 1);
      |                                                                   [01;31m[K^~~~~~~[m[K
      |                                                                   [32m[KMarker[m[K
[01m[K/home/max/master_thesis_kremmel/master_thesis_ros/catkin_ws/src/master_thesis_kremmel/src/ekfSlam.cpp:39:67:[m[K [01;31m[Kerror: [m[K‘[01m[KMarkery[m[K’ is not a member of ‘[01m[Kvisualization_msgs[m[K’; did you mean ‘[01m[KMarker[m[K’?
   39 |         measuredLMposePublisher = n.advertise<visualization_msgs::[01;31m[KMarkery[m[K>("/ekf_slam/measured_lm_pose", 1);
      |                                                                   [01;31m[K^~~~~~~[m[K
      |                                                                   [32m[KMarker[m[K
[01m[K/home/max/master_thesis_kremmel/master_thesis_ros/catkin_ws/src/master_thesis_kremmel/src/ekfSlam.cpp:39:107:[m[K [01;31m[Kerror: [m[Kno matching function for call to ‘[01m[Kros::NodeHandle::advertise<<expression error> >(const char [27], int)[m[K’
   39 |         measuredLMposePublisher = n.advertise<visualization_msgs::Markery>("/ekf_slam/measured_lm_pose", 1[01;31m[K)[m[K;
      |                                                                                                           [01;31m[K^[m[K
In file included from [01m[K/opt/ros/noetic/include/ros/ros.h:45[m[K,
                 from [01m[K/home/max/master_thesis_kremmel/master_thesis_ros/catkin_ws/src/master_thesis_kremmel/src/ekfSlam.cpp:1[m[K:
[01m[K/opt/ros/noetic/include/ros/node_handle.h:249:15:[m[K [01;36m[Knote: [m[Kcandidate: ‘[01m[Ktemplate<class M> ros::Publisher ros::NodeHandle::advertise(const string&, uint32_t, bool)[m[K’
  249 |     Publisher [01;36m[Kadvertise[m[K(const std::string& topic, uint32_t queue_size, bool latch = false)
      |               [01;36m[K^~~~~~~~~[m[K
[01m[K/opt/ros/noetic/include/ros/node_handle.h:249:15:[m[K [01;36m[Knote: [m[K  template argument deduction/substitution failed:
[01m[K/home/max/master_thesis_kremmel/master_thesis_ros/catkin_ws/src/master_thesis_kremmel/src/ekfSlam.cpp:39:107:[m[K [01;31m[Kerror: [m[Ktemplate argument 1 is invalid
   39 |         measuredLMposePublisher = n.advertise<visualization_msgs::Markery>("/ekf_slam/measured_lm_pose", 1[01;31m[K)[m[K;
      |                                                                                                           [01;31m[K^[m[K
In file included from [01m[K/opt/ros/noetic/include/ros/ros.h:45[m[K,
                 from [01m[K/home/max/master_thesis_kremmel/master_thesis_ros/catkin_ws/src/master_thesis_kremmel/src/ekfSlam.cpp:1[m[K:
[01m[K/opt/ros/noetic/include/ros/node_handle.h:315:13:[m[K [01;36m[Knote: [m[Kcandidate: ‘[01m[Ktemplate<class M> ros::Publisher ros::NodeHandle::advertise(const string&, uint32_t, const SubscriberStatusCallback&, const SubscriberStatusCallback&, const VoidConstPtr&, bool)[m[K’
  315 |   Publisher [01;36m[Kadvertise[m[K(const std::string& topic, uint32_t queue_size,
      |             [01;36m[K^~~~~~~~~[m[K
[01m[K/opt/ros/noetic/include/ros/node_handle.h:315:13:[m[K [01;36m[Knote: [m[K  template argument deduction/substitution failed:
[01m[K/home/max/master_thesis_kremmel/master_thesis_ros/catkin_ws/src/master_thesis_kremmel/src/ekfSlam.cpp:39:107:[m[K [01;31m[Kerror: [m[Ktemplate argument 1 is invalid
   39 |         measuredLMposePublisher = n.advertise<visualization_msgs::Markery>("/ekf_slam/measured_lm_pose", 1[01;31m[K)[m[K;
      |                                                                                                           [01;31m[K^[m[K
make[2]: *** [CMakeFiles/EKFSlam.dir/build.make:63: CMakeFiles/EKFSlam.dir/src/ekfSlam.cpp.o] Error 1
make[1]: *** [CMakeFiles/Makefile2:239: CMakeFiles/EKFSlam.dir/all] Error 2
make: *** [Makefile:141: all] Error 2
